-encoding
UTF-8
-outxml
-source
1.6
-target
1.6
-classpath
/Users/blackandcold/.m2/repository/aopalliance/aopalliance/1.0/aopalliance-1.0.jar:/Users/blackandcold/.m2/repository/commons-beanutils/commons-beanutils/1.8.3/commons-beanutils-1.8.3.jar:/Users/blackandcold/.m2/repository/commons-codec/commons-codec/1.5/commons-codec-1.5.jar:/Users/blackandcold/.m2/repository/commons-digester/commons-digester/2.1/commons-digester-2.1.jar:/Users/blackandcold/.m2/repository/commons-fileupload/commons-fileupload/1.2.2/commons-fileupload-1.2.2.jar:/Users/blackandcold/.m2/repository/commons-io/commons-io/2.1/commons-io-2.1.jar:/Users/blackandcold/.m2/repository/javax/el/el-api/1.0/el-api-1.0.jar:/Users/blackandcold/.m2/repository/javax/persistence/persistence-api/1.0/persistence-api-1.0.jar:/Users/blackandcold/.m2/repository/javax/servlet/servlet-api/2.5/servlet-api-2.5.jar:/Users/blackandcold/.m2/repository/javax/servlet/jsp/jsp-api/2.1/jsp-api-2.1.jar:/Users/blackandcold/.m2/repository/javax/servlet/jsp/jstl/jstl-api/1.2/jstl-api-1.2.jar:/Users/blackandcold/.m2/repository/javax/validation/validation-api/1.0.0.GA/validation-api-1.0.0.GA.jar:/Users/blackandcold/.m2/repository/joda-time/joda-time/1.6/joda-time-1.6.jar:/Users/blackandcold/.m2/repository/log4j/log4j/1.2.16/log4j-1.2.16.jar:/Users/blackandcold/.m2/repository/net/sf/flexjson/flexjson/2.1/flexjson-2.1.jar:/Users/blackandcold/.m2/repository/org/apache/commons/commons-lang3/3.1/commons-lang3-3.1.jar:/Users/blackandcold/.m2/repository/org/apache/tiles/tiles-api/2.2.2/tiles-api-2.2.2.jar:/Users/blackandcold/.m2/repository/org/apache/tiles/tiles-core/2.2.2/tiles-core-2.2.2.jar:/Users/blackandcold/.m2/repository/org/apache/tiles/tiles-jsp/2.2.2/tiles-jsp-2.2.2.jar:/Users/blackandcold/.m2/repository/org/apache/tiles/tiles-servlet/2.2.2/tiles-servlet-2.2.2.jar:/Users/blackandcold/.m2/repository/org/apache/tiles/tiles-template/2.2.2/tiles-template-2.2.2.jar:/Users/blackandcold/.m2/repository/org/aspectj/aspectjrt/1.6.12/aspectjrt-1.6.12.jar:/Users/blackandcold/.m2/repository/org/aspectj/aspectjweaver/1.6.12/aspectjweaver-1.6.12.jar:/Users/blackandcold/.m2/repository/org/cloudfoundry/cloudfoundry-runtime/0.8.0/cloudfoundry-runtime-0.8.0.jar:/Users/blackandcold/.m2/repository/org/glassfish/web/jstl-impl/1.2/jstl-impl-1.2.jar:/Users/blackandcold/.m2/repository/org/hibernate/hibernate-validator/4.2.0.Final/hibernate-validator-4.2.0.Final.jar:/Users/blackandcold/.m2/repository/org/mongodb/mongo-java-driver/2.6.5/mongo-java-driver-2.6.5.jar:/Users/blackandcold/.m2/repository/org/slf4j/jcl-over-slf4j/1.6.4/jcl-over-slf4j-1.6.4.jar:/Users/blackandcold/.m2/repository/org/slf4j/slf4j-api/1.6.4/slf4j-api-1.6.4.jar:/Users/blackandcold/.m2/repository/org/slf4j/slf4j-log4j12/1.6.4/slf4j-log4j12-1.6.4.jar:/Users/blackandcold/.m2/repository/org/springframework/spring-aop/3.1.0.RELEASE/spring-aop-3.1.0.RELEASE.jar:/Users/blackandcold/.m2/repository/org/springframework/spring-asm/3.1.0.RELEASE/spring-asm-3.1.0.RELEASE.jar:/Users/blackandcold/.m2/repository/org/springframework/spring-aspects/3.1.0.RELEASE/spring-aspects-3.1.0.RELEASE.jar:/Users/blackandcold/.m2/repository/org/springframework/spring-beans/3.1.0.RELEASE/spring-beans-3.1.0.RELEASE.jar:/Users/blackandcold/.m2/repository/org/springframework/spring-context/3.1.0.RELEASE/spring-context-3.1.0.RELEASE.jar:/Users/blackandcold/.m2/repository/org/springframework/spring-context-support/3.1.0.RELEASE/spring-context-support-3.1.0.RELEASE.jar:/Users/blackandcold/.m2/repository/org/springframework/spring-core/3.1.0.RELEASE/spring-core-3.1.0.RELEASE.jar:/Users/blackandcold/.m2/repository/org/springframework/spring-expression/3.1.0.RELEASE/spring-expression-3.1.0.RELEASE.jar:/Users/blackandcold/.m2/repository/org/springframework/spring-tx/3.0.6.RELEASE/spring-tx-3.0.6.RELEASE.jar:/Users/blackandcold/.m2/repository/org/springframework/spring-web/3.1.0.RELEASE/spring-web-3.1.0.RELEASE.jar:/Users/blackandcold/.m2/repository/org/springframework/spring-webmvc/3.1.0.RELEASE/spring-webmvc-3.1.0.RELEASE.jar:/Users/blackandcold/.m2/repository/org/springframework/data/spring-data-commons-core/1.2.0.M2/spring-data-commons-core-1.2.0.M2.jar:/Users/blackandcold/.m2/repository/org/springframework/data/spring-data-mongodb/1.0.0.M5/spring-data-mongodb-1.0.0.M5.jar:/Users/blackandcold/.m2/repository/org/springframework/roo/org.springframework.roo.annotations/1.2.1.RELEASE/org.springframework.roo.annotations-1.2.1.RELEASE.jar:/Users/blackandcold/.m2/repository/org/springframework/webflow/spring-js-resources/2.2.1.RELEASE/spring-js-resources-2.2.1.RELEASE.jar:/Users/blackandcold/Code/TU/Distributed-Systems-Engineering/target/classes
-aspectpath
/Users/blackandcold/.m2/repository/org/springframework/spring-aspects/3.1.0.RELEASE/spring-aspects-3.1.0.RELEASE.jar
-d
/Users/blackandcold/Code/TU/Distributed-Systems-Engineering/target/classes
/Users/blackandcold/Code/TU/Distributed-Systems-Engineering/src/main/java/dsess12gruppe13/client/scaffold/ui/CharParser.java
/Users/blackandcold/Code/TU/Distributed-Systems-Engineering/src/main/java/at/ac/tuwien/dse/fairsurgeries/service/HospitalService_Roo_Service.aj
/Users/blackandcold/Code/TU/Distributed-Systems-Engineering/src/main/java/at/ac/tuwien/dse/fairsurgeries/domain/OPSlot_Roo_ToString.aj
/Users/blackandcold/Code/TU/Distributed-Systems-Engineering/src/main/java/at/ac/tuwien/dse/fairsurgeries/domain/Patient_Roo_JavaBean.aj
/Users/blackandcold/Code/TU/Distributed-Systems-Engineering/src/main/java/dsess12gruppe13/client/scaffold/ioc/DesktopInjector.java
/Users/blackandcold/Code/TU/Distributed-Systems-Engineering/src/main/java/dsess12gruppe13/client/style/MobileListResources.java
/Users/blackandcold/Code/TU/Distributed-Systems-Engineering/src/main/java/dsess12gruppe13/client/scaffold/place/ScaffoldPlaceHistoryMapper.java
/Users/blackandcold/Code/TU/Distributed-Systems-Engineering/src/main/java/at/ac/tuwien/dse/fairsurgeries/service/HospitalService.java
/Users/blackandcold/Code/TU/Distributed-Systems-Engineering/src/main/java/at/ac/tuwien/dse/fairsurgeries/service/OPSlotServiceImpl_Roo_Service.aj
/Users/blackandcold/Code/TU/Distributed-Systems-Engineering/src/main/java/dsess12gruppe13/client/scaffold/ui/FloatRenderer.java
/Users/blackandcold/Code/TU/Distributed-Systems-Engineering/src/main/java/dsess12gruppe13/client/scaffold/ioc/MobileInjectorWrapper.java
/Users/blackandcold/Code/TU/Distributed-Systems-Engineering/src/main/java/dsess12gruppe13/client/scaffold/ioc/ScaffoldModule.java
/Users/blackandcold/Code/TU/Distributed-Systems-Engineering/src/main/java/dsess12gruppe13/client/scaffold/ui/ByteParser.java
/Users/blackandcold/Code/TU/Distributed-Systems-Engineering/src/main/java/at/ac/tuwien/dse/fairsurgeries/web/PatientController.java
/Users/blackandcold/Code/TU/Distributed-Systems-Engineering/src/main/java/dsess12gruppe13/client/scaffold/ioc/InjectorWrapper.java
/Users/blackandcold/Code/TU/Distributed-Systems-Engineering/src/main/java/at/ac/tuwien/dse/fairsurgeries/service/OPSlotServiceImpl.java
/Users/blackandcold/Code/TU/Distributed-Systems-Engineering/src/main/java/at/ac/tuwien/dse/fairsurgeries/service/PatientServiceImpl_Roo_Service.aj
/Users/blackandcold/Code/TU/Distributed-Systems-Engineering/src/main/java/dsess12gruppe13/client/scaffold/place/ProxyPlace.java
/Users/blackandcold/Code/TU/Distributed-Systems-Engineering/src/main/java/at/ac/tuwien/dse/fairsurgeries/service/NotificationService.java
/Users/blackandcold/Code/TU/Distributed-Systems-Engineering/src/main/java/at/ac/tuwien/dse/fairsurgeries/web/PatientController_Roo_Controller.aj
/Users/blackandcold/Code/TU/Distributed-Systems-Engineering/src/main/java/at/ac/tuwien/dse/fairsurgeries/web/NotificationController_Roo_Controller.aj
/Users/blackandcold/Code/TU/Distributed-Systems-Engineering/src/main/java/at/ac/tuwien/dse/fairsurgeries/web/PublicPersonController_Roo_Controller.aj
/Users/blackandcold/Code/TU/Distributed-Systems-Engineering/src/main/java/at/ac/tuwien/dse/fairsurgeries/service/DoctorServiceImpl.java
/Users/blackandcold/Code/TU/Distributed-Systems-Engineering/src/main/java/dsess12gruppe13/client/scaffold/ioc/ScaffoldInjector.java
/Users/blackandcold/Code/TU/Distributed-Systems-Engineering/src/main/java/dsess12gruppe13/server/CustomRequestFactoryServlet.java
/Users/blackandcold/Code/TU/Distributed-Systems-Engineering/src/main/java/dsess12gruppe13/client/scaffold/ScaffoldDesktopApp.java
/Users/blackandcold/Code/TU/Distributed-Systems-Engineering/src/main/java/dsess12gruppe13/client/scaffold/ui/LoginWidget.java
/Users/blackandcold/Code/TU/Distributed-Systems-Engineering/src/main/java/dsess12gruppe13/client/scaffold/ui/ShortBox.java
/Users/blackandcold/Code/TU/Distributed-Systems-Engineering/src/main/java/at/ac/tuwien/dse/fairsurgeries/repository/HospitalRepository_Roo_Mongo_Repository.aj
/Users/blackandcold/Code/TU/Distributed-Systems-Engineering/src/main/java/at/ac/tuwien/dse/fairsurgeries/domain/NotificationReason.java
/Users/blackandcold/Code/TU/Distributed-Systems-Engineering/src/main/java/dsess12gruppe13/client/scaffold/ioc/MobileInjector.java
/Users/blackandcold/Code/TU/Distributed-Systems-Engineering/src/main/java/at/ac/tuwien/dse/fairsurgeries/domain/Patient.java
/Users/blackandcold/Code/TU/Distributed-Systems-Engineering/src/main/java/dsess12gruppe13/client/scaffold/ScaffoldMobileShell.java
/Users/blackandcold/Code/TU/Distributed-Systems-Engineering/src/main/java/dsess12gruppe13/client/scaffold/gae/GaeHelper.java
/Users/blackandcold/Code/TU/Distributed-Systems-Engineering/src/main/java/at/ac/tuwien/dse/fairsurgeries/domain/OPSlot_Roo_Mongo_Entity.aj
/Users/blackandcold/Code/TU/Distributed-Systems-Engineering/src/main/java/dsess12gruppe13/domain/Person_Roo_ToString.aj
/Users/blackandcold/Code/TU/Distributed-Systems-Engineering/src/main/java/at/ac/tuwien/dse/fairsurgeries/domain/OPSlot_Roo_JavaBean.aj
/Users/blackandcold/Code/TU/Distributed-Systems-Engineering/src/main/java/dsess12gruppe13/client/scaffold/place/ProxyPlaceToListPlace.java
/Users/blackandcold/Code/TU/Distributed-Systems-Engineering/src/main/java/at/ac/tuwien/dse/fairsurgeries/service/HospitalServiceImpl.java
/Users/blackandcold/Code/TU/Distributed-Systems-Engineering/src/main/java/at/ac/tuwien/dse/fairsurgeries/domain/PublicPerson_Roo_Mongo_Entity.aj
/Users/blackandcold/Code/TU/Distributed-Systems-Engineering/src/main/java/dsess12gruppe13/server/locator/GwtServiceLocator.java
/Users/blackandcold/Code/TU/Distributed-Systems-Engineering/src/main/java/at/ac/tuwien/dse/fairsurgeries/domain/Hospital_Roo_JavaBean.aj
/Users/blackandcold/Code/TU/Distributed-Systems-Engineering/src/main/java/dsess12gruppe13/domain/PersonController.java
/Users/blackandcold/Code/TU/Distributed-Systems-Engineering/src/main/java/dsess12gruppe13/client/scaffold/place/CollectionRenderer.java
/Users/blackandcold/Code/TU/Distributed-Systems-Engineering/src/main/java/dsess12gruppe13/client/scaffold/place/ProxyDetailsView.java
/Users/blackandcold/Code/TU/Distributed-Systems-Engineering/src/main/java/dsess12gruppe13/server/CustomServiceLayerDecorator.java
/Users/blackandcold/Code/TU/Distributed-Systems-Engineering/src/main/java/at/ac/tuwien/dse/fairsurgeries/domain/Patient_Roo_Mongo_Entity.aj
/Users/blackandcold/Code/TU/Distributed-Systems-Engineering/src/main/java/at/ac/tuwien/dse/fairsurgeries/domain/Notification_Roo_ToString.aj
/Users/blackandcold/Code/TU/Distributed-Systems-Engineering/src/main/java/at/ac/tuwien/dse/fairsurgeries/service/OPSlotService.java
/Users/blackandcold/Code/TU/Distributed-Systems-Engineering/src/main/java/at/ac/tuwien/dse/fairsurgeries/repository/DoctorRepository.java
/Users/blackandcold/Code/TU/Distributed-Systems-Engineering/src/main/java/at/ac/tuwien/dse/fairsurgeries/service/OPSlotService_Roo_Service.aj
/Users/blackandcold/Code/TU/Distributed-Systems-Engineering/src/main/java/at/ac/tuwien/dse/fairsurgeries/domain/Admin.java
/Users/blackandcold/Code/TU/Distributed-Systems-Engineering/src/main/java/dsess12gruppe13/client/scaffold/ui/CollectionRenderer.java
/Users/blackandcold/Code/TU/Distributed-Systems-Engineering/src/main/java/dsess12gruppe13/client/scaffold/ui/ByteRenderer.java
/Users/blackandcold/Code/TU/Distributed-Systems-Engineering/src/main/java/dsess12gruppe13/client/scaffold/Scaffold.java
/Users/blackandcold/Code/TU/Distributed-Systems-Engineering/src/main/java/dsess12gruppe13/client/scaffold/place/PlaceHistoryFactory.java
/Users/blackandcold/Code/TU/Distributed-Systems-Engineering/src/main/java/at/ac/tuwien/dse/fairsurgeries/web/DoctorController.java
/Users/blackandcold/Code/TU/Distributed-Systems-Engineering/src/main/java/dsess12gruppe13/client/scaffold/ui/CharRenderer.java
/Users/blackandcold/Code/TU/Distributed-Systems-Engineering/src/main/java/at/ac/tuwien/dse/fairsurgeries/repository/NotificationRepository.java
/Users/blackandcold/Code/TU/Distributed-Systems-Engineering/src/main/java/at/ac/tuwien/dse/fairsurgeries/domain/Doctor_Roo_ToString.aj
/Users/blackandcold/Code/TU/Distributed-Systems-Engineering/src/main/java/dsess12gruppe13/client/scaffold/ScaffoldApp.java
/Users/blackandcold/Code/TU/Distributed-Systems-Engineering/src/main/java/at/ac/tuwien/dse/fairsurgeries/domain/PublicPerson_Roo_ToString.aj
/Users/blackandcold/Code/TU/Distributed-Systems-Engineering/src/main/java/dsess12gruppe13/client/scaffold/ui/FloatBox.java
/Users/blackandcold/Code/TU/Distributed-Systems-Engineering/src/main/java/dsess12gruppe13/client/scaffold/activity/IsScaffoldMobileActivity.java
/Users/blackandcold/Code/TU/Distributed-Systems-Engineering/src/main/java/dsess12gruppe13/client/scaffold/ui/MobileProxyListView.java
/Users/blackandcold/Code/TU/Distributed-Systems-Engineering/src/main/java/dsess12gruppe13/client/scaffold/ui/BigDecimalParser.java
/Users/blackandcold/Code/TU/Distributed-Systems-Engineering/src/main/java/at/ac/tuwien/dse/fairsurgeries/domain/Hospital_Roo_ToString.aj
/Users/blackandcold/Code/TU/Distributed-Systems-Engineering/src/main/java/at/ac/tuwien/dse/fairsurgeries/service/PatientService.java
/Users/blackandcold/Code/TU/Distributed-Systems-Engineering/src/main/java/dsess12gruppe13/client/scaffold/ui/ByteBox.java
/Users/blackandcold/Code/TU/Distributed-Systems-Engineering/src/main/java/at/ac/tuwien/dse/fairsurgeries/repository/PatientRepository.java
/Users/blackandcold/Code/TU/Distributed-Systems-Engineering/src/main/java/at/ac/tuwien/dse/fairsurgeries/domain/PublicPerson.java
/Users/blackandcold/Code/TU/Distributed-Systems-Engineering/src/main/java/dsess12gruppe13/domain/Person_Roo_JavaBean.aj
/Users/blackandcold/Code/TU/Distributed-Systems-Engineering/src/main/java/dsess12gruppe13/domain/Person_Roo_Mongo_Entity.aj
/Users/blackandcold/Code/TU/Distributed-Systems-Engineering/src/main/java/at/ac/tuwien/dse/fairsurgeries/domain/Notification.java
/Users/blackandcold/Code/TU/Distributed-Systems-Engineering/src/main/java/at/ac/tuwien/dse/fairsurgeries/domain/OPSlot.java
/Users/blackandcold/Code/TU/Distributed-Systems-Engineering/src/main/java/dsess12gruppe13/client/scaffold/ui/BigDecimalBox.java
/Users/blackandcold/Code/TU/Distributed-Systems-Engineering/src/main/java/at/ac/tuwien/dse/fairsurgeries/domain/Doctor_Roo_JavaBean.aj
/Users/blackandcold/Code/TU/Distributed-Systems-Engineering/src/main/java/at/ac/tuwien/dse/fairsurgeries/service/PatientServiceImpl.java
/Users/blackandcold/Code/TU/Distributed-Systems-Engineering/src/main/java/dsess12gruppe13/client/scaffold/ui/CharBox.java
/Users/blackandcold/Code/TU/Distributed-Systems-Engineering/src/main/java/at/ac/tuwien/dse/fairsurgeries/domain/Hospital_Roo_Mongo_Entity.aj
/Users/blackandcold/Code/TU/Distributed-Systems-Engineering/src/main/java/dsess12gruppe13/repository/PersonRepository_Roo_Mongo_Repository.aj
/Users/blackandcold/Code/TU/Distributed-Systems-Engineering/src/main/java/at/ac/tuwien/dse/fairsurgeries/web/OPSlotController.java
/Users/blackandcold/Code/TU/Distributed-Systems-Engineering/src/main/java/dsess12gruppe13/client/scaffold/ui/BigDecimalRenderer.java
/Users/blackandcold/Code/TU/Distributed-Systems-Engineering/src/main/java/at/ac/tuwien/dse/fairsurgeries/repository/DoctorRepository_Roo_Mongo_Repository.aj
/Users/blackandcold/Code/TU/Distributed-Systems-Engineering/src/main/java/dsess12gruppe13/domain/Person.java
/Users/blackandcold/Code/TU/Distributed-Systems-Engineering/src/main/java/at/ac/tuwien/dse/fairsurgeries/domain/Doctor_Roo_Mongo_Entity.aj
/Users/blackandcold/Code/TU/Distributed-Systems-Engineering/src/main/java/at/ac/tuwien/dse/fairsurgeries/domain/Doctor.java
/Users/blackandcold/Code/TU/Distributed-Systems-Engineering/src/main/java/dsess12gruppe13/client/scaffold/ioc/DesktopInjectorWrapper.java
/Users/blackandcold/Code/TU/Distributed-Systems-Engineering/src/main/java/at/ac/tuwien/dse/fairsurgeries/repository/NotificationRepository_Roo_Mongo_Repository.aj
/Users/blackandcold/Code/TU/Distributed-Systems-Engineering/src/main/java/dsess12gruppe13/client/scaffold/request/RequestEvent.java
/Users/blackandcold/Code/TU/Distributed-Systems-Engineering/src/main/java/dsess12gruppe13/repository/PersonRepository.java
/Users/blackandcold/Code/TU/Distributed-Systems-Engineering/src/main/java/at/ac/tuwien/dse/fairsurgeries/service/DoctorService.java
/Users/blackandcold/Code/TU/Distributed-Systems-Engineering/src/main/java/at/ac/tuwien/dse/fairsurgeries/domain/Notification_Roo_Mongo_Entity.aj
/Users/blackandcold/Code/TU/Distributed-Systems-Engineering/src/main/java/at/ac/tuwien/dse/fairsurgeries/repository/PatientRepository_Roo_Mongo_Repository.aj
/Users/blackandcold/Code/TU/Distributed-Systems-Engineering/src/main/java/at/ac/tuwien/dse/fairsurgeries/domain/Admin_Roo_Mongo_Entity.aj
/Users/blackandcold/Code/TU/Distributed-Systems-Engineering/src/main/java/at/ac/tuwien/dse/fairsurgeries/web/AdminController.java
/Users/blackandcold/Code/TU/Distributed-Systems-Engineering/src/main/java/dsess12gruppe13/client/scaffold/ScaffoldMobileApp.java
/Users/blackandcold/Code/TU/Distributed-Systems-Engineering/src/main/java/dsess12gruppe13/client/scaffold/place/ProxyEditView.java
/Users/blackandcold/Code/TU/Distributed-Systems-Engineering/src/main/java/dsess12gruppe13/domain/PersonController_Roo_Controller.aj
/Users/blackandcold/Code/TU/Distributed-Systems-Engineering/src/main/java/at/ac/tuwien/dse/fairsurgeries/web/ApplicationConversionServiceFactoryBean.java
/Users/blackandcold/Code/TU/Distributed-Systems-Engineering/src/main/java/at/ac/tuwien/dse/fairsurgeries/web/PublicPersonController.java
/Users/blackandcold/Code/TU/Distributed-Systems-Engineering/src/main/java/dsess12gruppe13/client/scaffold/place/ProxyListPlace.java
/Users/blackandcold/Code/TU/Distributed-Systems-Engineering/src/main/java/at/ac/tuwien/dse/fairsurgeries/service/NotificationService_Roo_Service.aj
/Users/blackandcold/Code/TU/Distributed-Systems-Engineering/src/main/java/dsess12gruppe13/client/scaffold/ScaffoldDesktopShell.java
/Users/blackandcold/Code/TU/Distributed-Systems-Engineering/src/main/java/at/ac/tuwien/dse/fairsurgeries/web/ApplicationConversionServiceFactoryBean_Roo_ConversionService.aj
/Users/blackandcold/Code/TU/Distributed-Systems-Engineering/src/main/java/at/ac/tuwien/dse/fairsurgeries/domain/Admin_Roo_JavaBean.aj
/Users/blackandcold/Code/TU/Distributed-Systems-Engineering/src/main/java/dsess12gruppe13/shared/scaffold/ScaffoldRequestFactory.java
/Users/blackandcold/Code/TU/Distributed-Systems-Engineering/src/main/java/at/ac/tuwien/dse/fairsurgeries/domain/SurgeryType.java
/Users/blackandcold/Code/TU/Distributed-Systems-Engineering/src/main/java/at/ac/tuwien/dse/fairsurgeries/web/DoctorController_Roo_Controller.aj
/Users/blackandcold/Code/TU/Distributed-Systems-Engineering/src/main/java/dsess12gruppe13/client/scaffold/ui/ShortParser.java
/Users/blackandcold/Code/TU/Distributed-Systems-Engineering/src/main/java/at/ac/tuwien/dse/fairsurgeries/web/HospitalController_Roo_Controller.aj
/Users/blackandcold/Code/TU/Distributed-Systems-Engineering/src/main/java/at/ac/tuwien/dse/fairsurgeries/repository/HospitalRepository.java
/Users/blackandcold/Code/TU/Distributed-Systems-Engineering/src/main/java/at/ac/tuwien/dse/fairsurgeries/service/HospitalServiceImpl_Roo_Service.aj
/Users/blackandcold/Code/TU/Distributed-Systems-Engineering/src/main/java/dsess12gruppe13/client/scaffold/place/CreateAndEditProxy.java
/Users/blackandcold/Code/TU/Distributed-Systems-Engineering/src/main/java/dsess12gruppe13/client/scaffold/place/FindAndEditProxy.java
/Users/blackandcold/Code/TU/Distributed-Systems-Engineering/src/main/java/at/ac/tuwien/dse/fairsurgeries/domain/Admin_Roo_ToString.aj
/Users/blackandcold/Code/TU/Distributed-Systems-Engineering/src/main/java/at/ac/tuwien/dse/fairsurgeries/web/AdminController_Roo_Controller.aj
/Users/blackandcold/Code/TU/Distributed-Systems-Engineering/src/main/java/dsess12gruppe13/client/scaffold/ui/ShortRenderer.java
/Users/blackandcold/Code/TU/Distributed-Systems-Engineering/src/main/java/at/ac/tuwien/dse/fairsurgeries/domain/Hospital.java
/Users/blackandcold/Code/TU/Distributed-Systems-Engineering/src/main/java/at/ac/tuwien/dse/fairsurgeries/domain/Notification_Roo_JavaBean.aj
/Users/blackandcold/Code/TU/Distributed-Systems-Engineering/src/main/java/at/ac/tuwien/dse/fairsurgeries/service/DoctorService_Roo_Service.aj
/Users/blackandcold/Code/TU/Distributed-Systems-Engineering/src/main/java/dsess12gruppe13/client/scaffold/request/EventSourceRequestTransport.java
/Users/blackandcold/Code/TU/Distributed-Systems-Engineering/src/main/java/at/ac/tuwien/dse/fairsurgeries/service/NotificationServiceImpl.java
/Users/blackandcold/Code/TU/Distributed-Systems-Engineering/src/main/java/at/ac/tuwien/dse/fairsurgeries/service/DoctorServiceImpl_Roo_Service.aj
/Users/blackandcold/Code/TU/Distributed-Systems-Engineering/src/main/java/dsess12gruppe13/client/scaffold/place/AbstractProxyEditActivity.java
/Users/blackandcold/Code/TU/Distributed-Systems-Engineering/src/main/java/at/ac/tuwien/dse/fairsurgeries/web/OPSlotController_Roo_Controller.aj
/Users/blackandcold/Code/TU/Distributed-Systems-Engineering/src/main/java/dsess12gruppe13/client/scaffold/ui/FloatParser.java
/Users/blackandcold/Code/TU/Distributed-Systems-Engineering/src/main/java/at/ac/tuwien/dse/fairsurgeries/repository/OPSlotRepository_Roo_Mongo_Repository.aj
/Users/blackandcold/Code/TU/Distributed-Systems-Engineering/src/main/java/at/ac/tuwien/dse/fairsurgeries/web/HospitalController.java
/Users/blackandcold/Code/TU/Distributed-Systems-Engineering/src/main/java/at/ac/tuwien/dse/fairsurgeries/service/PatientService_Roo_Service.aj
/Users/blackandcold/Code/TU/Distributed-Systems-Engineering/src/main/java/dsess12gruppe13/client/scaffold/place/ProxyListPlacePicker.java
/Users/blackandcold/Code/TU/Distributed-Systems-Engineering/src/main/java/at/ac/tuwien/dse/fairsurgeries/domain/Patient_Roo_ToString.aj
/Users/blackandcold/Code/TU/Distributed-Systems-Engineering/src/main/java/dsess12gruppe13/client/scaffold/place/AbstractProxyListView.java
/Users/blackandcold/Code/TU/Distributed-Systems-Engineering/src/main/java/at/ac/tuwien/dse/fairsurgeries/repository/OPSlotRepository.java
/Users/blackandcold/Code/TU/Distributed-Systems-Engineering/src/main/java/at/ac/tuwien/dse/fairsurgeries/service/NotificationServiceImpl_Roo_Service.aj
/Users/blackandcold/Code/TU/Distributed-Systems-Engineering/src/main/java/dsess12gruppe13/client/scaffold/place/AbstractProxyListActivity.java
/Users/blackandcold/Code/TU/Distributed-Systems-Engineering/src/main/java/at/ac/tuwien/dse/fairsurgeries/web/NotificationController.java
/Users/blackandcold/Code/TU/Distributed-Systems-Engineering/src/main/java/dsess12gruppe13/client/scaffold/place/ProxyListView.java
